2025-09-09 13:46:02,457 DEBUG    root            Loaded Command Group: ['gcloud', 'components']
2025-09-09 13:46:02,459 DEBUG    root            Loaded Command Group: ['gcloud', 'components', 'update']
2025-09-09 13:46:02,461 DEBUG    root            Running [gcloud.components.update] with arguments: [--quiet: "True", COMPONENT-IDS:8: "['gcloud', 'core', 'bq', 'gsutil', 'compute', 'preview', 'alpha', 'beta']"]
2025-09-09 13:46:02,462 INFO     ___FILE_ONLY___ Beginning update. This process may take several minutes.

2025-09-09 13:46:02,470 DEBUG    urllib3.connectionpool Starting new HTTPS connection (1): dl.google.com:443
2025-09-09 13:46:03,368 DEBUG    urllib3.connectionpool https://dl.google.com:443 "GET /dl/cloudsdk/channels/rapid/components-2.json HTTP/11" 200 233150
2025-09-09 13:46:03,380 WARNING  root            Component [compute] no longer exists.
2025-09-09 13:46:03,381 INFO     ___FILE_ONLY___ 

2025-09-09 13:46:03,382 INFO     ___FILE_ONLY___ 
Your current Google Cloud CLI version is: 538.0.0

2025-09-09 13:46:03,382 INFO     ___FILE_ONLY___ Installing components from version: 538.0.0

2025-09-09 13:46:03,382 INFO     ___FILE_ONLY___ 

2025-09-09 13:46:03,382 DEBUG    root            Chosen display Format:table[box,title="These components will be removed."](details.display_name:label=Name:align=left,version.version_string:label=Version:align=right,data.size.size(zero="",min=1048576):label=Size:align=right)
2025-09-09 13:46:03,383 DEBUG    root            Chosen display Format:table[box,title="These components will be updated."](details.display_name:label=Name:align=left,version.version_string:label=Version:align=right,data.size.size(zero="",min=1048576):label=Size:align=right)
2025-09-09 13:46:03,383 DEBUG    root            Chosen display Format:table[box,title="These components will be installed."](details.display_name:label=Name:align=left,version.version_string:label=Version:align=right,data.size.size(zero="",min=1048576):label=Size:align=right)
2025-09-09 13:46:03,401 INFO     ___FILE_ONLY___ ┌────────────────────────────────────────────────┐
2025-09-09 13:46:03,401 INFO     ___FILE_ONLY___ 

2025-09-09 13:46:03,401 INFO     ___FILE_ONLY___ │      These components will be installed.       │
2025-09-09 13:46:03,401 INFO     ___FILE_ONLY___ 

2025-09-09 13:46:03,401 INFO     ___FILE_ONLY___ ├─────────────────────────┬────────────┬─────────┤
2025-09-09 13:46:03,401 INFO     ___FILE_ONLY___ 

2025-09-09 13:46:03,401 INFO     ___FILE_ONLY___ │           Name          │  Version   │   Size  │
2025-09-09 13:46:03,401 INFO     ___FILE_ONLY___ 

2025-09-09 13:46:03,401 INFO     ___FILE_ONLY___ ├─────────────────────────┼────────────┼─────────┤
2025-09-09 13:46:03,401 INFO     ___FILE_ONLY___ 

2025-09-09 13:46:03,402 INFO     ___FILE_ONLY___ │ 
2025-09-09 13:46:03,402 INFO     ___FILE_ONLY___ gcloud Alpha Commands  
2025-09-09 13:46:03,402 INFO     ___FILE_ONLY___  
2025-09-09 13:46:03,402 INFO     ___FILE_ONLY___ │ 
2025-09-09 13:46:03,402 INFO     ___FILE_ONLY___ 2025.09.05
2025-09-09 13:46:03,402 INFO     ___FILE_ONLY___  
2025-09-09 13:46:03,402 INFO     ___FILE_ONLY___ │ 
2025-09-09 13:46:03,402 INFO     ___FILE_ONLY___ < 1 MiB
2025-09-09 13:46:03,402 INFO     ___FILE_ONLY___  
2025-09-09 13:46:03,402 INFO     ___FILE_ONLY___ │
2025-09-09 13:46:03,402 INFO     ___FILE_ONLY___ 

2025-09-09 13:46:03,402 INFO     ___FILE_ONLY___ │ 
2025-09-09 13:46:03,402 INFO     ___FILE_ONLY___ gcloud Beta Commands   
2025-09-09 13:46:03,402 INFO     ___FILE_ONLY___  
2025-09-09 13:46:03,402 INFO     ___FILE_ONLY___ │ 
2025-09-09 13:46:03,402 INFO     ___FILE_ONLY___ 2025.09.05
2025-09-09 13:46:03,402 INFO     ___FILE_ONLY___  
2025-09-09 13:46:03,402 INFO     ___FILE_ONLY___ │ 
2025-09-09 13:46:03,402 INFO     ___FILE_ONLY___ < 1 MiB
2025-09-09 13:46:03,402 INFO     ___FILE_ONLY___  
2025-09-09 13:46:03,403 INFO     ___FILE_ONLY___ │
2025-09-09 13:46:03,403 INFO     ___FILE_ONLY___ 

2025-09-09 13:46:03,403 INFO     ___FILE_ONLY___ │ 
2025-09-09 13:46:03,403 INFO     ___FILE_ONLY___ gcloud Preview Commands
2025-09-09 13:46:03,403 INFO     ___FILE_ONLY___  
2025-09-09 13:46:03,403 INFO     ___FILE_ONLY___ │ 
2025-09-09 13:46:03,403 INFO     ___FILE_ONLY___           
2025-09-09 13:46:03,403 INFO     ___FILE_ONLY___  
2025-09-09 13:46:03,403 INFO     ___FILE_ONLY___ │ 
2025-09-09 13:46:03,403 INFO     ___FILE_ONLY___ < 1 MiB
2025-09-09 13:46:03,403 INFO     ___FILE_ONLY___  
2025-09-09 13:46:03,403 INFO     ___FILE_ONLY___ │
2025-09-09 13:46:03,403 INFO     ___FILE_ONLY___ 

2025-09-09 13:46:03,403 INFO     ___FILE_ONLY___ └─────────────────────────┴────────────┴─────────┘
2025-09-09 13:46:03,403 INFO     ___FILE_ONLY___ 

2025-09-09 13:46:03,403 INFO     ___FILE_ONLY___ 

2025-09-09 13:46:03,407 DEBUG    urllib3.connectionpool Starting new HTTPS connection (1): dl.google.com:443
2025-09-09 13:46:04,310 DEBUG    urllib3.connectionpool https://dl.google.com:443 "GET /dl/cloudsdk/channels/rapid/RELEASE_NOTES HTTP/11" 200 1478282
2025-09-09 13:46:04,818 INFO     ___FILE_ONLY___ For the latest full release notes, please visit:
  https://cloud.google.com/sdk/release_notes


2025-09-09 13:46:04,819 INFO     ___FILE_ONLY___ Performing in place update...


2025-09-09 13:46:04,821 INFO     ___FILE_ONLY___ ╔════════════════════════════════════════════════════════════╗

2025-09-09 13:46:04,821 INFO     ___FILE_ONLY___ ╠═ Downloading: gcloud Alpha Commands                       ═╣

2025-09-09 13:46:04,821 INFO     ___FILE_ONLY___ ╚
2025-09-09 13:46:04,823 DEBUG    urllib3.connectionpool Starting new HTTPS connection (1): dl.google.com:443
2025-09-09 13:46:05,727 DEBUG    urllib3.connectionpool https://dl.google.com:443 "GET /dl/cloudsdk/channels/rapid/components/google-cloud-sdk-alpha-20250905141229.tar.gz HTTP/11" 200 800
2025-09-09 13:46:05,728 INFO     ___FILE_ONLY___ ════════════════════════════════════════════════════════════
2025-09-09 13:46:05,728 INFO     ___FILE_ONLY___ ╝

2025-09-09 13:46:05,730 INFO     ___FILE_ONLY___ ╔════════════════════════════════════════════════════════════╗

2025-09-09 13:46:05,730 INFO     ___FILE_ONLY___ ╠═ Downloading: gcloud Beta Commands                        ═╣

2025-09-09 13:46:05,730 INFO     ___FILE_ONLY___ ╚
2025-09-09 13:46:05,733 DEBUG    urllib3.connectionpool Starting new HTTPS connection (1): dl.google.com:443
2025-09-09 13:46:06,664 DEBUG    urllib3.connectionpool https://dl.google.com:443 "GET /dl/cloudsdk/channels/rapid/components/google-cloud-sdk-beta-20250905141229.tar.gz HTTP/11" 200 797
2025-09-09 13:46:06,667 INFO     ___FILE_ONLY___ ════════════════════════════════════════════════════════════
2025-09-09 13:46:06,668 INFO     ___FILE_ONLY___ ╝

2025-09-09 13:46:06,670 INFO     ___FILE_ONLY___ ╔════════════════════════════════════════════════════════════╗

2025-09-09 13:46:06,670 INFO     ___FILE_ONLY___ ╠═ Downloading: gcloud Preview Commands                     ═╣

2025-09-09 13:46:06,670 INFO     ___FILE_ONLY___ ╚
2025-09-09 13:46:06,673 DEBUG    urllib3.connectionpool Starting new HTTPS connection (1): dl.google.com:443
2025-09-09 13:46:07,635 DEBUG    urllib3.connectionpool https://dl.google.com:443 "GET /dl/cloudsdk/channels/rapid/components/google-cloud-sdk-preview-20241115154308.tar.gz HTTP/11" 200 823
2025-09-09 13:46:07,635 INFO     ___FILE_ONLY___ ════════════════════════════════════════════════════════════
2025-09-09 13:46:07,635 INFO     ___FILE_ONLY___ ╝

2025-09-09 13:46:07,638 INFO     ___FILE_ONLY___ ╔════════════════════════════════════════════════════════════╗

2025-09-09 13:46:07,638 INFO     ___FILE_ONLY___ ╠═ Installing: gcloud Alpha Commands                        ═╣

2025-09-09 13:46:07,638 INFO     ___FILE_ONLY___ ╚
2025-09-09 13:46:07,639 INFO     ___FILE_ONLY___ ════════════════════════════════════════════════════════════
2025-09-09 13:46:07,639 INFO     ___FILE_ONLY___ ╝

2025-09-09 13:46:07,644 INFO     ___FILE_ONLY___ ╔════════════════════════════════════════════════════════════╗

2025-09-09 13:46:07,644 INFO     ___FILE_ONLY___ ╠═ Installing: gcloud Beta Commands                         ═╣

2025-09-09 13:46:07,645 INFO     ___FILE_ONLY___ ╚
2025-09-09 13:46:07,645 INFO     ___FILE_ONLY___ ════════════════════════════════════════════════════════════
2025-09-09 13:46:07,645 INFO     ___FILE_ONLY___ ╝

2025-09-09 13:46:07,650 INFO     ___FILE_ONLY___ ╔════════════════════════════════════════════════════════════╗

2025-09-09 13:46:07,650 INFO     ___FILE_ONLY___ ╠═ Installing: gcloud Preview Commands                      ═╣

2025-09-09 13:46:07,650 INFO     ___FILE_ONLY___ ╚
2025-09-09 13:46:07,651 INFO     ___FILE_ONLY___ ════════════════════════════════════════════════════════════
2025-09-09 13:46:07,651 INFO     ___FILE_ONLY___ ╝

2025-09-09 13:46:07,656 DEBUG    root            Updating notification cache...
2025-09-09 13:46:07,656 INFO     ___FILE_ONLY___ 

2025-09-09 13:46:07,658 INFO     ___FILE_ONLY___ Performing post processing steps...
2025-09-09 13:46:07,659 DEBUG    root            Executing command: ['/tools/google-cloud-sdk/bin/gcloud', 'components', 'post-process']
2025-09-09 13:46:19,690 DEBUG    ___FILE_ONLY___ 
2025-09-09 13:46:19,690 DEBUG    ___FILE_ONLY___ 
2025-09-09 13:46:19,932 INFO     root            descriptor_list: [{'universeDomain': 'googleapis.com', 'universeShortName': '', 'authenticationDomain': 'auth.cloud.google.com', 'projectPrefix': '', 'cloudWebDomain': 'cloud.google.com', 'documentationDomain': 'cloud.google.com', 'version': '1.0.0', 'state': 'primary', 'artifactRegistryDomain': 'pkg.dev'}]
2025-09-09 13:46:19,932 INFO     ___FILE_ONLY___ 
Update done!


2025-09-09 13:46:19,935 DEBUG    root            Chosen display Format:none
2025-09-09 13:46:19,935 INFO     root            Display format: "none"
